d:\qt\mfc-opengl\openglcube\openglcube\x64\debug\openglcube.pch
d:\qt\mfc-opengl\openglcube\openglcube\x64\debug\vc140.pdb
d:\qt\mfc-opengl\openglcube\openglcube\x64\debug\vc140.idb
d:\qt\mfc-opengl\openglcube\openglcube\x64\debug\stdafx.obj
d:\qt\mfc-opengl\openglcube\openglcube\x64\debug\openglcube.obj
d:\qt\mfc-opengl\openglcube\openglcube\x64\debug\openglcubedlg.obj
d:\qt\mfc-opengl\openglcube\openglcube\x64\debug\openglcuberenderer.obj
d:\qt\mfc-opengl\bin\x64\debug\openglcube.ilk
d:\qt\mfc-opengl\bin\x64\debug\openglcube.exe
d:\qt\mfc-opengl\bin\x64\debug\openglcube.pdb
d:\qt\mfc-opengl\openglcube\openglcube\x64\debug\openglcube.res
d:\qt\mfc-opengl\openglcube\openglcube\x64\debug\openglcuberenderer.obj.enc
d:\qt\mfc-opengl\openglcube\openglcube\..\..\bin\x64\debug\openglcube.exe
d:\qt\mfc-opengl\openglcube\openglcube\x64\debug\openglcube.tlog\cl.command.1.tlog
d:\qt\mfc-opengl\openglcube\openglcube\x64\debug\openglcube.tlog\cl.read.1.tlog
d:\qt\mfc-opengl\openglcube\openglcube\x64\debug\openglcube.tlog\cl.write.1.tlog
d:\qt\mfc-opengl\openglcube\openglcube\x64\debug\openglcube.tlog\link.command.1.tlog
d:\qt\mfc-opengl\openglcube\openglcube\x64\debug\openglcube.tlog\link.read.1.tlog
d:\qt\mfc-opengl\openglcube\openglcube\x64\debug\openglcube.tlog\link.write.1.tlog
d:\qt\mfc-opengl\openglcube\openglcube\x64\debug\openglcube.tlog\rc.command.1.tlog
d:\qt\mfc-opengl\openglcube\openglcube\x64\debug\openglcube.tlog\rc.read.1.tlog
d:\qt\mfc-opengl\openglcube\openglcube\x64\debug\openglcube.tlog\rc.write.1.tlog
